<?xml version="1.0" encoding="UTF-8"?>
<!-- Generated by org.testng.reporters.JUnitReportReporter -->
<testsuite skipped="0" hostname="LAPTOP-1ICOF6RH" name="testCasesjmp.TC_LoginTest_001" tests="1" failures="0" timestamp="05 Apr 2020 13:06:29 GMT" time="7.637" errors="0">
  <testcase name="loginTest" time="7.637" classname="testCasesjmp.TC_LoginTest_001"/>
</testsuite> <!-- testCasesjmp.TC_LoginTest_001 -->
